<?xml version="1.0" encoding="UTF-8"?>
<!-- Generated by org.testng.reporters.JUnitReportReporter -->
<testsuite skipped="0" hostname="rajatchauhan" name="com.Selenium.TestCase.CheckDrivers" tests="1" failures="0" timestamp="15 Jun 2020 08:33:00 GMT" time="54.802" errors="0">
  <testcase name="OpenYoutube" time="54.802" classname="com.Selenium.TestCase.CheckDrivers"/>
</testsuite> <!-- com.Selenium.TestCase.CheckDrivers -->
