<?xml version="1.0" encoding="UTF-8"?>
<!-- Generated by org.testng.reporters.JUnitReportReporter -->
<testsuite skipped="0" hostname="rajatchauhan" name="com.Selenium.TestCase.CheckDrivers" tests="1" failures="0" timestamp="29 Jun 2020 19:52:55 GMT" time="155.194" errors="0">
  <testcase name="OpenYoutube" time="155.194" classname="com.Selenium.TestCase.CheckDrivers"/>
</testsuite> <!-- com.Selenium.TestCase.CheckDrivers -->
